<?xml version="1.0" encoding="UTF-8"?>
<!-- Generated by org.testng.reporters.JUnitReportReporter -->
<testsuite hostname="APL-5CD102GWVV" failures="0" tests="1" name="orangehrm.qa.base.abc" time="18.179" errors="0" timestamp="2022-04-26T18:01:05 IST" skipped="0">
  <testcase classname="orangehrm.qa.base.abc" name="login" time="18.179"/>
  <system-out/>
</testsuite> <!-- orangehrm.qa.base.abc -->
