<?xml version="1.0" encoding="UTF-8"?>
<!-- Generated by org.testng.reporters.JUnitReportReporter -->
<testsuite hostname="APL-5CD102GWVV" failures="0" tests="1" name="base.xyz" time="0.007" errors="0" timestamp="2022-04-19T13:16:22 IST" skipped="0">
  <testcase classname="base.xyz" name="property" time="0.007"/>
  <system-out/>
</testsuite> <!-- base.xyz -->
