<?xml version="1.0" encoding="UTF-8"?>
<!-- Generated by org.testng.reporters.JUnitReportReporter -->
<testsuite skipped="0" hostname="APL-5CD102GWVV" name="orangehrm.qa.testScripts.RecruitmentPageTest" tests="1" failures="0" timestamp="2022-05-12T16:40:16 IST" time="24.284" errors="0">
  <testcase name="checkRecruitmentTable" time="24.284" classname="orangehrm.qa.testScripts.RecruitmentPageTest"/>
  <system-out/>
</testsuite> <!-- orangehrm.qa.testScripts.RecruitmentPageTest -->
