<?xml version="1.0" encoding="UTF-8"?>
<!-- Generated by org.testng.reporters.JUnitReportReporter -->
<testsuite hostname="APL-5CD102GWVV" failures="0" tests="1" name="orangehrm.qa.testScripts.AssignLeaveTest" time="14.425" errors="0" timestamp="2022-05-04T11:05:31 IST" skipped="0">
  <testcase classname="orangehrm.qa.testScripts.AssignLeaveTest" name="CheckAssignLeave" time="14.425"/>
  <system-out/>
</testsuite> <!-- orangehrm.qa.testScripts.AssignLeaveTest -->
