<?xml version="1.0" encoding="UTF-8"?>
<!-- Generated by org.testng.reporters.JUnitReportReporter -->
<testsuite skipped="0" hostname="APL-5CD102GWVV" name="orangehrm.qa.testScripts.AssignLeaveTest" tests="1" failures="0" timestamp="2022-05-11T12:33:57 IST" time="31.379" errors="0">
  <testcase name="CheckAssignLeave" time="31.379" classname="orangehrm.qa.testScripts.AssignLeaveTest"/>
  <system-out/>
</testsuite> <!-- orangehrm.qa.testScripts.AssignLeaveTest -->
