<?xml version="1.0" encoding="UTF-8"?>
<!-- Generated by org.testng.reporters.JUnitReportReporter -->
<testsuite hostname="APL-5CD102GWVV" failures="0" tests="1" name="base.Abc" time="17.963" errors="0" timestamp="2022-04-20T10:20:28 IST" skipped="0">
  <testcase classname="base.Abc" name="abc" time="17.963"/>
  <system-out/>
</testsuite> <!-- base.Abc -->
