<?xml version="1.0" encoding="UTF-8"?>
<!-- Generated by org.testng.reporters.JUnitReportReporter -->
<testsuite skipped="0" hostname="APL-5CD102GWVV" name="orangehrm.qa.testScripts.dashBoardTest" tests="2" failures="0" timestamp="2022-05-09T09:51:13 IST" time="46.032" errors="0">
  <testcase name="leaveListLogo" time="12.790" classname="orangehrm.qa.testScripts.dashBoardTest"/>
  <system-out/>
  <testcase name="checkAssignLeaveLogo" time="33.242" classname="orangehrm.qa.testScripts.dashBoardTest"/>
  <system-out/>
</testsuite> <!-- orangehrm.qa.testScripts.dashBoardTest -->
