<?xml version="1.0" encoding="UTF-8"?>
<!-- Generated by org.testng.reporters.JUnitReportReporter -->
<testsuite skipped="0" hostname="APL-5CD102GWVV" name="orangehrm.qa.testScripts.dashBoardTest" tests="2" failures="0" timestamp="2022-05-16T11:53:11 IST" time="44.377" errors="0">
  <testcase name="checkAssignLeaveLogo" time="22.032" classname="orangehrm.qa.testScripts.dashBoardTest"/>
  <system-out/>
  <testcase name="leaveListLogo" time="22.345" classname="orangehrm.qa.testScripts.dashBoardTest"/>
  <system-out/>
</testsuite> <!-- orangehrm.qa.testScripts.dashBoardTest -->
