<?xml version="1.0" encoding="UTF-8"?>
<!-- Generated by org.testng.reporters.JUnitReportReporter -->
<testsuite skipped="0" hostname="APL-5CD102GWVV" name="orangehrm.qa.testScripts.AssignLeaveTest" tests="1" failures="0" timestamp="2022-05-09T09:51:13 IST" time="22.591" errors="0">
  <testcase name="CheckAssignLeave" time="22.591" classname="orangehrm.qa.testScripts.AssignLeaveTest"/>
  <system-out/>
</testsuite> <!-- orangehrm.qa.testScripts.AssignLeaveTest -->
