<?xml version="1.0" encoding="UTF-8"?>
<!-- Generated by org.testng.reporters.JUnitReportReporter -->
<testsuite skipped="0" hostname="APL-5CD102GWVV" name="orangehrm.qa.testScripts.dashBoardTest" tests="2" failures="0" timestamp="2022-05-11T17:09:03 IST" time="45.537" errors="0">
  <testcase name="leaveListLogo" time="23.543" classname="orangehrm.qa.testScripts.dashBoardTest"/>
  <system-out/>
  <testcase name="checkAssignLeaveLogo" time="21.994" classname="orangehrm.qa.testScripts.dashBoardTest"/>
  <system-out/>
</testsuite> <!-- orangehrm.qa.testScripts.dashBoardTest -->
